生成启动时间为 2018/7/13 星期五 17:17:32。
     1>项目“C:\Users\Administrator\Documents\Visual Studio 2010\Projects\HumanFaceID\HumanFace\HumanFace.vcxproj”在节点 2 上(build 个目标)。
     1>InitializeBuildStatus:
         正在创建“Debug\HumanFace.unsuccessfulbuild”，因为已指定“AlwaysCreate”。
       ClCompile:
         所有输出均为最新。
         d:\Program Files (x86)\Microsoft Visual Studio 10.0\VC\bin\CL.exe /c /ZI /nologo /W3 /WX- /Od /Oy- /D WIN32 /D _WINDOWS /D _DEBUG /D _MBCS /D _AFXDLL /Gm /EHsc /RTC1 /MDd /GS /fp:precise /Zc:wchar_t /Zc:forScope /Yu"StdAfx.h" /Fp"Debug\HumanFace.pch" /Fo"Debug\\" /Fd"Debug\vc100.pdb" /Gd /TP /analyze- /errorReport:prompt HumanFace.cpp HumanFaceDlg.cpp
         HumanFace.cpp
         正在生成代码...
         正在编译...
         HumanFaceDlg.cpp
     1>c:\users\administrator\documents\visual studio 2010\projects\humanfaceid\humanface\humanfacedlg.cpp(202): warning C4996: 'fopen': This function or variable may be unsafe. Consider using fopen_s instead. To disable deprecation, use _CRT_SECURE_NO_WARNINGS. See online help for details.
                 d:\program files (x86)\microsoft visual studio 10.0\vc\include\stdio.h(234) : 参见“fopen”的声明
         正在生成代码...
       ResourceCompile:
         C:\Program Files (x86)\Microsoft SDKs\Windows\v7.0A\bin\rc.exe /D _DEBUG /D _AFXDLL /l"0x0804" /IDebug\ /nologo /fo"Debug\HumanFace.res" HumanFace.rc 
       ManifestResourceCompile:
         所有输出均为最新。
       Link:
         d:\Program Files (x86)\Microsoft Visual Studio 10.0\VC\bin\link.exe /ERRORREPORT:PROMPT /OUT:"c:\users\administrator\documents\visual studio 2010\Projects\HumanFaceID\Debug\HumanFace.exe" /INCREMENTAL /NOLOGO opencv_imgproc2410d.lib opencv_calib3d2410d.lib opencv_contrib2410d.lib opencv_core2410d.lib opencv_features2d2410d.lib opencv_flann2410d.lib opencv_gpu2410d.lib opencv_highgui2410d.lib opencv_legacy2410d.lib opencv_ml2410d.lib opencv_nonfree2410d.lib opencv_objdetect2410d.lib opencv_ocl2410d.lib opencv_photo2410d.lib opencv_stitching2410d.lib opencv_superres2410d.lib opencv_ts2410d.lib opencv_video2410d.lib opencv_videostab2410d.lib /MANIFEST /ManifestFile:"Debug\HumanFace.exe.intermediate.manifest" /MANIFESTUAC:"level='asInvoker' uiAccess='false'" /DEBUG /PDB:"c:\users\administrator\documents\visual studio 2010\Projects\HumanFaceID\Debug\HumanFace.pdb" /SUBSYSTEM:WINDOWS /TLBID:1 /DYNAMICBASE /NXCOMPAT /IMPLIB:"c:\users\administrator\documents\visual studio 2010\Projects\HumanFaceID\Debug\HumanFace.lib" /MACHINE:X86 Debug\HumanFace.res
         Debug\HumanFace.exe.embed.manifest.res
         Debug\HumanFace.obj
         Debug\HumanFaceDlg.obj
         Debug\stdafx.obj
       Manifest:
         C:\Program Files (x86)\Microsoft SDKs\Windows\v7.0A\bin\mt.exe /nologo /verbose /out:"Debug\HumanFace.exe.embed.manifest" /manifest Debug\HumanFace.exe.intermediate.manifest "d:\Program Files (x86)\Microsoft Visual Studio 10.0\VC\Include\Manifest\dpiaware.manifest"
         所有输出均为最新。
       LinkEmbedManifest:
         所有输出均为最新。
         HumanFace.vcxproj -> c:\users\administrator\documents\visual studio 2010\Projects\HumanFaceID\Debug\HumanFace.exe
       FinalizeBuildStatus:
         正在删除文件“Debug\HumanFace.unsuccessfulbuild”。
         正在对“Debug\HumanFace.lastbuildstate”执行 Touch 任务。
     1>已完成生成项目“C:\Users\Administrator\Documents\Visual Studio 2010\Projects\HumanFaceID\HumanFace\HumanFace.vcxproj”(build 个目标)的操作。

生成成功。

已用时间 00:00:00.85
