C:\Users\Administrator\Documents\Visual Studio 2010\Projects\FaceDetection\Debug\HumanFace.exe
C:\Users\Administrator\Documents\Visual Studio 2010\Projects\FaceDetection\HumanFace\Debug\cl.command.1.tlog
C:\Users\Administrator\Documents\Visual Studio 2010\Projects\FaceDetection\HumanFace\Debug\CL.read.1.tlog
C:\Users\Administrator\Documents\Visual Studio 2010\Projects\FaceDetection\HumanFace\Debug\CL.write.1.tlog
C:\Users\Administrator\Documents\Visual Studio 2010\Projects\FaceDetection\HumanFace\Debug\HumanFace.exe.embed.manifest
C:\USERS\ADMINISTRATOR\DOCUMENTS\VISUAL STUDIO 2010\PROJECTS\FACEDETECTION\HUMANFACE\DEBUG\HUMANFACE.EXE.EMBED.MANIFEST.RES
C:\USERS\ADMINISTRATOR\DOCUMENTS\VISUAL STUDIO 2010\PROJECTS\FACEDETECTION\HUMANFACE\DEBUG\HUMANFACE.OBJ
C:\USERS\ADMINISTRATOR\DOCUMENTS\VISUAL STUDIO 2010\PROJECTS\FACEDETECTION\HUMANFACE\DEBUG\HUMANFACE.PCH
C:\USERS\ADMINISTRATOR\DOCUMENTS\VISUAL STUDIO 2010\PROJECTS\FACEDETECTION\HUMANFACE\DEBUG\HUMANFACE.RES
C:\Users\Administrator\Documents\Visual Studio 2010\Projects\FaceDetection\HumanFace\Debug\HumanFace_manifest.rc
C:\USERS\ADMINISTRATOR\DOCUMENTS\VISUAL STUDIO 2010\PROJECTS\FACEDETECTION\HUMANFACE\DEBUG\HUMANFACEDLG.OBJ
C:\Users\Administrator\Documents\Visual Studio 2010\Projects\FaceDetection\HumanFace\Debug\link.command.1.tlog
C:\Users\Administrator\Documents\Visual Studio 2010\Projects\FaceDetection\HumanFace\Debug\link.read.1.tlog
C:\Users\Administrator\Documents\Visual Studio 2010\Projects\FaceDetection\HumanFace\Debug\link.write.1.tlog
C:\Users\Administrator\Documents\Visual Studio 2010\Projects\FaceDetection\HumanFace\Debug\rc.command.1.tlog
C:\Users\Administrator\Documents\Visual Studio 2010\Projects\FaceDetection\HumanFace\Debug\rc.read.1.tlog
C:\Users\Administrator\Documents\Visual Studio 2010\Projects\FaceDetection\HumanFace\Debug\rc.write.1.tlog
C:\USERS\ADMINISTRATOR\DOCUMENTS\VISUAL STUDIO 2010\PROJECTS\FACEDETECTION\HUMANFACE\DEBUG\STDAFX.OBJ
C:\Users\Administrator\Documents\Visual Studio 2010\Projects\FaceDetection\HumanFace\Debug\vc100.idb
C:\USERS\ADMINISTRATOR\DOCUMENTS\VISUAL STUDIO 2010\PROJECTS\FACEDETECTION\HUMANFACE\DEBUG\VC100.PDB
